<?xml version="1.0" encoding="UTF-8"?>
<!-- Generated by org.testng.reporters.JUnitReportReporter -->
<testsuite hostname="DESKTOP-6G9ASCG" failures="0" tests="1" name="myntra_homefurnishings.TestCases.Profile_test" time="13.251" errors="0" timestamp="2023-07-16T19:02:22 IST" skipped="0">
  <testcase classname="myntra_homefurnishings.TestCases.Profile_test" name="profileValidation" time="13.251"/>
</testsuite> <!-- myntra_homefurnishings.TestCases.Profile_test -->
