<?xml version="1.0" encoding="UTF-8"?>
<!-- Generated by org.testng.reporters.JUnitReportReporter -->
<testsuite hostname="DESKTOP-6G9ASCG" failures="0" tests="5" name="myntra_homefurnishings.TestCases.Header_test" time="19.593" errors="0" timestamp="2023-07-16T19:02:22 IST" skipped="0">
  <testcase classname="myntra_homefurnishings.TestCases.Header_test" name="menLinkValidation" time="12.317"/>
  <testcase classname="myntra_homefurnishings.TestCases.Header_test" name="womenLinkValidation" time="1.854"/>
  <testcase classname="myntra_homefurnishings.TestCases.Header_test" name="kidsLinkValidation" time="1.377"/>
  <testcase classname="myntra_homefurnishings.TestCases.Header_test" name="beautyLinkValidation" time="1.918"/>
  <testcase classname="myntra_homefurnishings.TestCases.Header_test" name="studioLinkValidation" time="2.127"/>
</testsuite> <!-- myntra_homefurnishings.TestCases.Header_test -->
